[    0.000000] Initializing cgroup subsys cpuset
[    0.000000] Initializing cgroup subsys cpu
[    0.000000] Initializing cgroup subsys cpuacct
[    0.000000] Linux version 4.4.0-171-generic (buildd@lcy01-amd64-018) (gcc version 5.4.0 20160609 (Ubuntu 5.4.0-6ubuntu1~16.04.12) ) #200-Ubuntu SMP Tue Dec 3 11:04:55 UTC 2019 (Ubuntu 4.4.0-171.200-generic 4.4.203)
[    0.000000] Command line: BOOT_IMAGE=/boot/vmlinuz-4.4.0-171-generic root=UUID=c97afdaf-704c-4e5a-bd93-7267ad3a6a07 ro console=tty1 console=ttyS0
[    0.000000] KERNEL supported cpus:
[    0.000000]   Intel GenuineIntel
[    0.000000]   AMD AuthenticAMD
[    0.000000]   Centaur CentaurHauls
[    0.000000] x86/fpu: xstate_offset[2]:  576, xstate_sizes[2]:  256
[    0.000000] x86/fpu: Supporting XSAVE feature 0x01: 'x87 floating point registers'
[    0.000000] x86/fpu: Supporting XSAVE feature 0x02: 'SSE registers'
[    0.000000] x86/fpu: Supporting XSAVE feature 0x04: 'AVX registers'
[    0.000000] x86/fpu: Enabled xstate features 0x7, context size is 832 bytes, using 'standard' format.
[    0.000000] e820: BIOS-provided physical RAM map:
[    0.000000] BIOS-e820: [mem 0x0000000000000000-0x000000000009fbff] usable
[    0.000000] BIOS-e820: [mem 0x000000000009fc00-0x000000000009ffff] reserved
[    0.000000] BIOS-e820: [mem 0x00000000000f0000-0x00000000000fffff] reserved
[    0.000000] BIOS-e820: [mem 0x0000000000100000-0x000000003ffeffff] usable
[    0.000000] BIOS-e820: [mem 0x000000003fff0000-0x000000003fffffff] ACPI data
[    0.000000] BIOS-e820: [mem 0x00000000fec00000-0x00000000fec00fff] reserved
[    0.000000] BIOS-e820: [mem 0x00000000fee00000-0x00000000fee00fff] reserved
[    0.000000] BIOS-e820: [mem 0x00000000fffc0000-0x00000000ffffffff] reserved
[    0.000000] NX (Execute Disable) protection: active
[    0.000000] SMBIOS 2.5 present.
[    0.000000] Hypervisor detected: KVM
[    0.000000] e820: last_pfn = 0x3fff0 max_arch_pfn = 0x400000000
[    0.000000] MTRR: Disabled
[    0.000000] x86/PAT: MTRRs disabled, skipping PAT initialization too.
[    0.000000] CPU MTRRs all blank - virtualized system.
[    0.000000] x86/PAT: Configuration [0-7]: WB  WT  UC- UC  WB  WT  UC- UC  
[    0.000000] found SMP MP-table at [mem 0x0009fff0-0x0009ffff] mapped at [ffff88000009fff0]
[    0.000000] Scanning 1 areas for low memory corruption
[    0.000000] RAMDISK: [mem 0x361ca000-0x370dcfff]
[    0.000000] ACPI: Early table checksum verification disabled
[    0.000000] ACPI: RSDP 0x00000000000E0000 000024 (v02 VBOX  )
[    0.000000] ACPI: XSDT 0x000000003FFF0030 00003C (v01 VBOX   VBOXXSDT 00000001 ASL  00000061)
[    0.000000] ACPI: FACP 0x000000003FFF00F0 0000F4 (v04 VBOX   VBOXFACP 00000001 ASL  00000061)
[    0.000000] ACPI: DSDT 0x000000003FFF0470 0022EA (v02 VBOX   VBOXBIOS 00000002 INTL 20100528)
[    0.000000] ACPI: FACS 0x000000003FFF0200 000040
[    0.000000] ACPI: FACS 0x000000003FFF0200 000040
[    0.000000] ACPI: APIC 0x000000003FFF0240 00005C (v02 VBOX   VBOXAPIC 00000001 ASL  00000061)
[    0.000000] ACPI: SSDT 0x000000003FFF02A0 0001CC (v01 VBOX   VBOXCPUT 00000002 INTL 20100528)
[    0.000000] No NUMA configuration found
[    0.000000] Faking a node at [mem 0x0000000000000000-0x000000003ffeffff]
[    0.000000] NODE_DATA(0) allocated [mem 0x3ffeb000-0x3ffeffff]
[    0.000000] kvm-clock: Using msrs 4b564d01 and 4b564d00
[    0.000000] kvm-clock: cpu 0, msr 0:3ffe3001, primary cpu clock
[    0.000000] kvm-clock: using sched offset of 3647644720 cycles
[    0.000000] clocksource: kvm-clock: mask: 0xffffffffffffffff max_cycles: 0x1cd42e4dffb, max_idle_ns: 881590591483 ns
[    0.000000] Zone ranges:
[    0.000000]   DMA      [mem 0x0000000000001000-0x0000000000ffffff]
[    0.000000]   DMA32    [mem 0x0000000001000000-0x000000003ffeffff]
[    0.000000]   Normal   empty
[    0.000000]   Device   empty
[    0.000000] Movable zone start for each node
[    0.000000] Early memory node ranges
[    0.000000]   node   0: [mem 0x0000000000001000-0x000000000009efff]
[    0.000000]   node   0: [mem 0x0000000000100000-0x000000003ffeffff]
[    0.000000] Initmem setup node 0 [mem 0x0000000000001000-0x000000003ffeffff]
[    0.000000] ACPI: PM-Timer IO Port: 0x4008
[    0.000000] IOAPIC[0]: apic_id 2, version 32, address 0xfec00000, GSI 0-23
[    0.000000] ACPI: INT_SRC_OVR (bus 0 bus_irq 0 global_irq 2 dfl dfl)
[    0.000000] ACPI: INT_SRC_OVR (bus 0 bus_irq 9 global_irq 9 low level)
[    0.000000] Using ACPI (MADT) for SMP configuration information
[    0.000000] smpboot: Allowing 2 CPUs, 0 hotplug CPUs
[    0.000000] PM: Registered nosave memory: [mem 0x00000000-0x00000fff]
[    0.000000] PM: Registered nosave memory: [mem 0x0009f000-0x0009ffff]
[    0.000000] PM: Registered nosave memory: [mem 0x000a0000-0x000effff]
[    0.000000] PM: Registered nosave memory: [mem 0x000f0000-0x000fffff]
[    0.000000] e820: [mem 0x40000000-0xfebfffff] available for PCI devices
[    0.000000] Booting paravirtualized kernel on KVM
[    0.000000] clocksource: refined-jiffies: mask: 0xffffffff max_cycles: 0xffffffff, max_idle_ns: 7645519600211568 ns
[    0.000000] setup_percpu: NR_CPUS:512 nr_cpumask_bits:512 nr_cpu_ids:2 nr_node_ids:1
[    0.000000] PERCPU: Embedded 33 pages/cpu @ffff88003fc00000 s95448 r8192 d31528 u1048576
[    0.000000] Built 1 zonelists in Node order, mobility grouping on.  Total pages: 257912
[    0.000000] Policy zone: DMA32
[    0.000000] Kernel command line: BOOT_IMAGE=/boot/vmlinuz-4.4.0-171-generic root=UUID=c97afdaf-704c-4e5a-bd93-7267ad3a6a07 ro console=tty1 console=ttyS0
[    0.000000] PID hash table entries: 4096 (order: 3, 32768 bytes)
[    0.000000] Memory: 997120K/1048120K available (8626K kernel code, 1336K rwdata, 4032K rodata, 1488K init, 1288K bss, 51000K reserved, 0K cma-reserved)
[    0.000000] SLUB: HWalign=64, Order=0-3, MinObjects=0, CPUs=2, Nodes=1
[    0.000000] Kernel/User page tables isolation: enabled
[    0.000000] Hierarchical RCU implementation.
[    0.000000] 	Build-time adjustment of leaf fanout to 64.
[    0.000000] 	RCU restricting CPUs from NR_CPUS=512 to nr_cpu_ids=2.
[    0.000000] RCU: Adjusting geometry for rcu_fanout_leaf=64, nr_cpu_ids=2
[    0.000000] NR_IRQS:33024 nr_irqs:440 16
[    0.000000] Console: colour VGA+ 80x25
[    0.000000] console [tty1] enabled
[    0.000000] console [ttyS0] enabled
[    0.000000] tsc: Detected 1800.001 MHz processor
[    0.220659] Calibrating delay loop (skipped) preset value.. 3600.00 BogoMIPS (lpj=7200004)
[    0.223075] pid_max: default: 32768 minimum: 301
[    0.224545] ACPI: Core revision 20150930
[    0.227853] ACPI: 2 ACPI AML tables successfully acquired and loaded
[    0.229800] Security Framework initialized
[    0.231055] Yama: becoming mindful.
[    0.232170] AppArmor: AppArmor initialized
[    0.233564] Dentry cache hash table entries: 131072 (order: 8, 1048576 bytes)
[    0.241183] Inode-cache hash table entries: 65536 (order: 7, 524288 bytes)
[    0.242910] Mount-cache hash table entries: 2048 (order: 2, 16384 bytes)
[    0.244375] Mountpoint-cache hash table entries: 2048 (order: 2, 16384 bytes)
[    0.245980] Initializing cgroup subsys io
[    0.246945] Initializing cgroup subsys memory
[    0.248012] Initializing cgroup subsys devices
[    0.249039] Initializing cgroup subsys freezer
[    0.250068] Initializing cgroup subsys net_cls
[    0.251087] Initializing cgroup subsys perf_event
[    0.252174] Initializing cgroup subsys net_prio
[    0.253213] Initializing cgroup subsys hugetlb
[    0.254261] Initializing cgroup subsys pids
[    0.256964] mce: CPU supports 0 MCE banks
[    0.257941] Last level iTLB entries: 4KB 64, 2MB 8, 4MB 8
[    0.259280] Last level dTLB entries: 4KB 64, 2MB 0, 4MB 0, 1GB 4
[    0.260758] Spectre V1 : Mitigation: usercopy/swapgs barriers and __user pointer sanitization
[    0.263019] Spectre V2 : Mitigation: Full generic retpoline
[    0.264488] Spectre V2 : Spectre v2 / SpectreRSB mitigation: Filling RSB on context switch
[    0.266785] Speculative Store Bypass: Vulnerable
[    0.268257] MDS: Vulnerable: Clear CPU buffers attempted, no microcode
[    0.273303] Freeing SMP alternatives memory: 36K
[    0.282307] ftrace: allocating 32302 entries in 127 pages
[    0.360637] smpboot: APIC(0) Converting physical 0 to logical package 0
[    0.362451] smpboot: Max logical packages: 1
[    0.364066] x2apic enabled
[    0.365311] Switched APIC routing to physical x2apic.
[    0.368350] ..TIMER: vector=0x30 apic1=0 pin1=2 apic2=-1 pin2=-1
[    0.478015] smpboot: CPU0: Intel(R) Core(TM) i5-8250U CPU @ 1.60GHz (family: 0x6, model: 0x8e, stepping: 0xa)
[    0.480969] Performance Events: unsupported p6 CPU model 142 no PMU driver, software events only.
[    0.493292] KVM setup paravirtual spinlock
[    0.495127] x86: Booting SMP configuration:
[    0.496283] .... node  #0, CPUs:      #1
[    0.497464] kvm-clock: cpu 1, msr 0:3ffe3041, secondary cpu clock
[    0.500226] mce: CPU supports 0 MCE banks
[    0.502897] x86: Booted up 1 node, 2 CPUs
[    0.504365] smpboot: Total of 2 processors activated (7200.00 BogoMIPS)
[    0.506475] devtmpfs: initialized
[    0.509105] evm: security.selinux
[    0.510091] evm: security.SMACK64
[    0.511152] evm: security.SMACK64EXEC
[    0.512200] evm: security.SMACK64TRANSMUTE
[    0.513679] evm: security.SMACK64MMAP
[    0.514759] evm: security.ima
[    0.515789] evm: security.capability
[    0.517083] clocksource: jiffies: mask: 0xffffffff max_cycles: 0xffffffff, max_idle_ns: 7645041785100000 ns
[    0.519751] futex hash table entries: 512 (order: 3, 32768 bytes)
[    0.521505] pinctrl core: initialized pinctrl subsystem
[    0.523179] RTC time:  7:39:57, date: 01/17/20
[    0.524707] NET: Registered protocol family 16
[    0.534170] cpuidle: using governor ladder
[    0.546947] cpuidle: using governor menu
[    0.549258] PCCT header not found.
[    0.551385] ACPI: bus type PCI registered
[    0.553558] acpiphp: ACPI Hot Plug PCI Controller Driver version: 0.5
[    0.556983] PCI: Using configuration type 1 for base access
[    0.572729] ACPI: Added _OSI(Module Device)
[    0.574341] ACPI: Added _OSI(Processor Device)
[    0.576057] ACPI: Added _OSI(3.0 _SCP Extensions)
[    0.577773] ACPI: Added _OSI(Processor Aggregator Device)
[    0.580646] ACPI: Executed 1 blocks of module-level executable AML code
[    0.585731] ACPI: Interpreter enabled
[    0.587056] ACPI: (supports S0 S5)
[    0.588174] ACPI: Using IOAPIC for interrupt routing
[    0.589777] PCI: Using host bridge windows from ACPI; if necessary, use "pci=nocrs" and report a bug
[    0.596903] ACPI: PCI Root Bridge [PCI0] (domain 0000 [bus 00-ff])
[    0.598570] acpi PNP0A03:00: _OSC: OS supports [ASPM ClockPM Segments MSI]
[    0.600894] acpi PNP0A03:00: _OSC: not requesting OS control; OS requires [ExtendedConfig ASPM ClockPM MSI]
[    0.603764] acpi PNP0A03:00: fail to add MMCONFIG information, can't access extended PCI configuration space under this bridge.
[    0.607179] PCI host bridge to bus 0000:00
[    0.608433] pci_bus 0000:00: root bus resource [io  0x0000-0x0cf7 window]
[    0.610296] pci_bus 0000:00: root bus resource [io  0x0d00-0xffff window]
[    0.612234] pci_bus 0000:00: root bus resource [mem 0x000a0000-0x000bffff window]
[    0.614464] pci_bus 0000:00: root bus resource [mem 0x40000000-0xfdffffff window]
[    0.616730] pci_bus 0000:00: root bus resource [bus 00-ff]
[    0.620478] pci 0000:00:01.1: legacy IDE quirk: reg 0x10: [io  0x01f0-0x01f7]
[    0.622339] pci 0000:00:01.1: legacy IDE quirk: reg 0x14: [io  0x03f6]
[    0.624043] pci 0000:00:01.1: legacy IDE quirk: reg 0x18: [io  0x0170-0x0177]
[    0.625942] pci 0000:00:01.1: legacy IDE quirk: reg 0x1c: [io  0x0376]
[    0.655934] pci 0000:00:07.0: quirk: [io  0x4000-0x403f] claimed by PIIX4 ACPI
[    0.658111] pci 0000:00:07.0: quirk: [io  0x4100-0x410f] claimed by PIIX4 SMB
[    0.667693] ACPI: PCI Interrupt Link [LNKA] (IRQs 5 9 10 *11)
[    0.670208] ACPI: PCI Interrupt Link [LNKB] (IRQs 5 9 *10 11)
[    0.672552] ACPI: PCI Interrupt Link [LNKC] (IRQs 5 *9 10 11)
[    0.674862] ACPI: PCI Interrupt Link [LNKD] (IRQs 5 9 10 *11)
[    0.677262] ACPI: Enabled 2 GPEs in block 00 to 07
[    0.679118] vgaarb: setting as boot device: PCI:0000:00:02.0
[    0.680616] vgaarb: device added: PCI:0000:00:02.0,decodes=io+mem,owns=io+mem,locks=none
[    0.682957] vgaarb: loaded
[    0.683903] vgaarb: bridge control possible 0000:00:02.0
[    0.685537] SCSI subsystem initialized
[    0.686815] ACPI: bus type USB registered
[    0.688078] usbcore: registered new interface driver usbfs
[    0.689553] usbcore: registered new interface driver hub
[    0.691019] usbcore: registered new device driver usb
[    0.692773] PCI: Using ACPI for IRQ routing
[    0.694347] NetLabel: Initializing
[    0.695403] NetLabel:  domain hash size = 128
[    0.696689] NetLabel:  protocols = UNLABELED CIPSOv4
[    0.702679] NetLabel:  unlabeled traffic allowed by default
[    0.704400] amd_nb: Cannot enumerate AMD northbridges
[    0.705852] clocksource: Switched to clocksource kvm-clock
[    0.722965] AppArmor: AppArmor Filesystem Enabled
[    0.724431] pnp: PnP ACPI init
[    0.726418] pnp: PnP ACPI: found 3 devices
[    0.738147] clocksource: acpi_pm: mask: 0xffffff max_cycles: 0xffffff, max_idle_ns: 2085701024 ns
[    0.740324] NET: Registered protocol family 2
[    0.741565] TCP established hash table entries: 8192 (order: 4, 65536 bytes)
[    0.743152] TCP bind hash table entries: 8192 (order: 5, 131072 bytes)
[    0.744652] TCP: Hash tables configured (established 8192 bind 8192)
[    0.746148] UDP hash table entries: 512 (order: 2, 16384 bytes)
[    0.747616] UDP-Lite hash table entries: 512 (order: 2, 16384 bytes)
[    0.749081] NET: Registered protocol family 1
[    0.750234] pci 0000:00:00.0: Limiting direct PCI/PCI transfers
[    0.751622] pci 0000:00:01.0: Activating ISA DMA hang workarounds
[    0.753214] Unpacking initramfs...
[    1.029494] Freeing initrd memory: 15436K
[    1.030966] clocksource: tsc: mask: 0xffffffffffffffff max_cycles: 0x19f22aa45f0, max_idle_ns: 440795269146 ns
[    1.033620] platform rtc_cmos: registered platform RTC device (no PNP device found)
[    1.035897] Scanning for low memory corruption every 60 seconds
[    1.037998] audit: initializing netlink subsys (disabled)
[    1.039489] audit: type=2000 audit(1579246802.224:1): initialized
[    1.041452] Initialise system trusted keyring
[    1.043093] HugeTLB registered 2 MB page size, pre-allocated 0 pages
[    1.046305] zbud: loaded
[    1.047665] VFS: Disk quotas dquot_6.6.0
[    1.048922] VFS: Dquot-cache hash table entries: 512 (order 0, 4096 bytes)
[    1.050977] squashfs: version 4.0 (2009/01/31) Phillip Lougher
[    1.052854] fuse init (API version 7.23)
[    1.054239] Key type big_key registered
[    1.055398] Allocating IMA MOK and blacklist keyrings.
[    1.058933] Key type asymmetric registered
[    1.060035] Asymmetric key parser 'x509' registered
[    1.061313] Block layer SCSI generic (bsg) driver version 0.4 loaded (major 249)
[    1.063401] io scheduler noop registered
[    1.064480] io scheduler deadline registered (default)
[    1.065796] io scheduler cfq registered
[    1.066975] pci_hotplug: PCI Hot Plug PCI Core version: 0.5
[    1.068344] pciehp: PCI Express Hot Plug Controller Driver version: 0.4
[    1.070033] ACPI: AC Adapter [AC] (off-line)
[    1.071220] input: Power Button as /devices/LNXSYSTM:00/LNXPWRBN:00/input/input0
[    1.073232] ACPI: Power Button [PWRF]
[    1.074339] input: Sleep Button as /devices/LNXSYSTM:00/LNXSLPBN:00/input/input1
[    1.076350] ACPI: Sleep Button [SLPF]
[    1.077568] GHES: HEST is not enabled!
[    1.078383] ACPI: Battery Slot [BAT0] (battery present)
[    1.080394] Serial: 8250/16550 driver, 32 ports, IRQ sharing enabled
[    1.102750] 00:02: ttyS0 at I/O 0x3f8 (irq = 4, base_baud = 115200) is a 16550A
[    1.108872] Linux agpgart interface v0.103
[    1.116151] loop: module loaded
[    1.117923] scsi host0: ata_piix
[    1.119271] scsi host1: ata_piix
[    1.120401] ata1: PATA max UDMA/33 cmd 0x1f0 ctl 0x3f6 bmdma 0xd000 irq 14
[    1.122191] ata2: PATA max UDMA/33 cmd 0x170 ctl 0x376 bmdma 0xd008 irq 15
[    1.124465] libphy: Fixed MDIO Bus: probed
[    1.125696] tun: Universal TUN/TAP device driver, 1.6
[    1.127210] tun: (C) 1999-2004 Max Krasnyansky <maxk@qualcomm.com>
[    1.129034] PPP generic driver version 2.4.2
[    1.130481] ehci_hcd: USB 2.0 'Enhanced' Host Controller (EHCI) Driver
[    1.132213] ehci-pci: EHCI PCI platform driver
[    1.133513] ehci-platform: EHCI generic platform driver
[    1.135034] ohci_hcd: USB 1.1 'Open' Host Controller (OHCI) Driver
[    1.136612] ohci-pci: OHCI PCI platform driver
[    1.137874] ohci-platform: OHCI generic platform driver
[    1.139169] uhci_hcd: USB Universal Host Controller Interface driver
[    1.140706] i8042: PNP: PS/2 Controller [PNP0303:PS2K,PNP0f03:PS2M] at 0x60,0x64 irq 1,12
[    1.143252] serio: i8042 KBD port at 0x60,0x64 irq 1
[    1.144482] serio: i8042 AUX port at 0x60,0x64 irq 12
[    1.146029] mousedev: PS/2 mouse device common for all mice
[    1.147842] input: AT Translated Set 2 keyboard as /devices/platform/i8042/serio0/input/input2
[    1.150439] rtc_cmos rtc_cmos: rtc core: registered rtc_cmos as rtc0
[    1.151936] rtc_cmos rtc_cmos: alarms up to one day, 114 bytes nvram
[    1.153411] i2c /dev entries driver
[    1.154513] device-mapper: uevent: version 1.0.3
[    1.155742] device-mapper: ioctl: 4.34.0-ioctl (2015-10-28) initialised: dm-devel@redhat.com
[    1.157873] ledtrig-cpu: registered to indicate activity on CPUs
[    1.159833] NET: Registered protocol family 10
[    1.161158] NET: Registered protocol family 17
[    1.162297] Key type dns_resolver registered
[    1.163929] registered taskstats version 1
[    1.164984] Loading compiled-in X.509 certificates
[    1.166736] Loaded X.509 cert 'Build time autogenerated kernel key: e951a32ceec0422669d36e9913b2c7dea5e0a587'
[    1.169114] zswap: loaded using pool lzo/zbud
[    1.172076] Key type trusted registered
[    1.176527] Key type encrypted registered
[    1.177677] AppArmor: AppArmor sha1 policy hashing enabled
[    1.179237] ima: No TPM chip found, activating TPM-bypass!
[    1.180768] ima: Allocated hash algorithm: sha1
[    1.182113] evm: HMAC attrs: 0x1
[    1.183624]   Magic number: 4:120:673
[    1.184889] rtc_cmos rtc_cmos: setting system clock to 2020-01-17 07:39:57 UTC (1579246797)
[    1.187357] BIOS EDD facility v0.16 2004-Jun-25, 0 devices found
[    1.188902] EDD information not available.
[    1.282325] Freeing unused kernel memory: 1488K
[    1.286869] Write protecting the kernel read-only data: 14336k
[    1.293302] Freeing unused kernel memory: 1604K
[    1.296160] Freeing unused kernel memory: 64K
Loading, please wait...
starting version 229
[    1.324632] random: systemd-udevd: uninitialized urandom read (16 bytes read, 3 bits of entropy available)
[    1.325525] random: udevadm: uninitialized urandom read (16 bytes read, 3 bits of entropy available)
[    1.325554] random: udevadm: uninitialized urandom read (16 bytes read, 3 bits of entropy available)
[    1.335998] random: systemd-udevd: uninitialized urandom read (16 bytes read, 3 bits of entropy available)
[    1.337057] random: udevadm: uninitialized urandom read (16 bytes read, 3 bits of entropy available)
[    1.337100] random: udevadm: uninitialized urandom read (16 bytes read, 3 bits of entropy available)
[    1.337250] random: udevadm: uninitialized urandom read (16 bytes read, 3 bits of entropy available)
[    1.337305] random: udevadm: uninitialized urandom read (16 bytes read, 3 bits of entropy available)
[    1.337361] random: udevadm: uninitialized urandom read (16 bytes read, 3 bits of entropy available)
[    1.337415] random: udevadm: uninitialized urandom read (16 bytes read, 3 bits of entropy available)
[    1.388666] Fusion MPT base driver 3.04.20
[    1.389960] Copyright (c) 1999-2008 LSI Corporation
[    1.404347] Fusion MPT SPI Host driver 3.04.20
[    1.405995] e1000: Intel(R) PRO/1000 Network Driver - version 7.3.21-k8-NAPI
[    1.407849] e1000: Copyright (c) 1999-2006 Intel Corporation.
[    1.419695] AVX2 version of gcm_enc/dec engaged.
[    1.421098] AES CTR mode by8 optimization enabled
[    1.424658] mptbase: ioc0: Initiating bringup
[    1.491460] ioc0: LSI53C1030 A0: Capabilities={Initiator}
[    1.601762] input: ImExPS/2 Generic Explorer Mouse as /devices/platform/i8042/serio1/input/input4
[    1.688164] scsi host2: ioc0: LSI53C1030 A0, FwRev=00000000h, Ports=1, MaxQ=256, IRQ=20
[    1.812136] scsi 2:0:0:0: Direct-Access     VBOX     HARDDISK         1.0  PQ: 0 ANSI: 5
[    1.821492] scsi target2:0:0: Beginning Domain Validation
[    1.834030] scsi target2:0:0: Domain Validation skipping write tests
[    1.837065] scsi target2:0:0: Ending Domain Validation
[    1.839997] scsi target2:0:0: asynchronous
[    1.847840] scsi 2:0:1:0: Direct-Access     VBOX     HARDDISK         1.0  PQ: 0 ANSI: 5
[    1.851587] scsi target2:0:1: Beginning Domain Validation
[    1.857227] scsi target2:0:1: Domain Validation skipping write tests
[    1.859115] scsi target2:0:1: Ending Domain Validation
[    1.860875] scsi target2:0:1: asynchronous
[    1.919141] sd 2:0:0:0: Attached scsi generic sg0 type 0
[    1.920898] sd 2:0:0:0: [sda] 20971520 512-byte logical blocks: (10.7 GB/10.0 GiB)
[    1.941245] sd 2:0:1:0: Attached scsi generic sg1 type 0
[    1.943287] sd 2:0:1:0: [sdb] 20480 512-byte logical blocks: (10.5 MB/10.0 MiB)
[    1.945978] sd 2:0:0:0: [sda] Write Protect is off
[    1.947597] sd 2:0:1:0: [sdb] Write Protect is off
[    1.949084] sd 2:0:0:0: [sda] Incomplete mode parameter data
[    1.950653] sd 2:0:0:0: [sda] Assuming drive cache: write through
[    1.952566] sd 2:0:1:0: [sdb] Incomplete mode parameter data
[    1.954097] sd 2:0:1:0: [sdb] Assuming drive cache: write through
[    1.959414]  sda: sda1
[    1.962215] sd 2:0:1:0: [sdb] Attached SCSI disk
[    1.964833] sd 2:0:0:0: [sda] Attached SCSI disk
[    2.213545] e1000 0000:00:03.0 eth0: (PCI:33MHz:32-bit) 02:b6:26:2d:10:3c
[    2.216111] e1000 0000:00:03.0 eth0: Intel(R) PRO/1000 Network Connection
[    2.616892] e1000 0000:00:08.0 eth1: (PCI:33MHz:32-bit) 08:00:27:4f:da:f6
[    2.618834] e1000 0000:00:08.0 eth1: Intel(R) PRO/1000 Network Connection
[    2.621643] e1000 0000:00:03.0 enp0s3: renamed from eth0
[    2.634638] e1000 0000:00:08.0 enp0s8: renamed from eth1
Begin: Loading essential drivers ... [    4.170855] md: linear personality registered for level -1
[    4.175242] md: multipath personality registered for level -4
[    4.179589] md: raid0 personality registered for level 0
[    4.185957] md: raid1 personality registered for level 1
[    4.258084] raid6: sse2x1   gen()  9881 MB/s
[    4.326015] raid6: sse2x1   xor()  8740 MB/s
[    4.394324] raid6: sse2x2   gen() 14377 MB/s
[    4.462151] raid6: sse2x2   xor()  9871 MB/s
[    4.529991] raid6: sse2x4   gen() 17036 MB/s
[    4.598301] raid6: sse2x4   xor() 11115 MB/s
[    4.666148] raid6: avx2x1   gen() 21226 MB/s
[    4.733985] raid6: avx2x2   gen() 24670 MB/s
[    4.802004] raid6: avx2x4   gen() 25725 MB/s
[    4.803300] raid6: using algorithm avx2x4 gen() 25725 MB/s
[    4.804753] raid6: using avx2x2 recovery algorithm
[    4.807477] xor: automatically using best checksumming function:
[    4.845879]    avx       : 21719.000 MB/sec
[    4.848240] async_tx: api initialized (async)
[    4.861337] md: raid6 personality registered for level 6
[    4.862918] md: raid5 personality registered for level 5
[    4.864342] md: raid4 personality registered for level 4
[    4.872709] md: raid10 personality registered for level 10
done.
Begin: Running /scripts/init-premount ... done.
Begin: Mounting root file system ... Begin: Running /scripts/local-top ... done.
Begin: Running /scripts/local-premount ... [    4.907897] Btrfs loaded
Scanning for Btrfs filesystems
done.
Warning: fsck not present, so skipping root file system
[    4.952888] EXT4-fs (sda1): mounted filesystem with ordered data mode. Opts: (null)
done.
Begin: Running /scripts/local-bottom ... done.
Begin: Running /scripts/init-bottom ... done.
[    5.071834] systemd[1]: systemd 229 running in system mode. (+PAM +AUDIT +SELINUX +IMA +APPARMOR +SMACK +SYSVINIT +UTMP +LIBCRYPTSETUP +GCRYPT +GNUTLS +ACL +XZ -LZ4 +SECCOMP +BLKID +ELFUTILS +KMOD -IDN)
[    5.076775] systemd[1]: Detected virtualization oracle.
[    5.078273] systemd[1]: Detected architecture x86-64.

Welcome to [1mUbuntu 16.04.6 LTS[0m!

[    5.083494] systemd[1]: Set hostname to <ubuntu-xenial>.
[    5.248501] systemd[1]: Listening on LVM2 metadata daemon socket.
[[0;32m  OK  [0m] Listening on LVM2 metadata daemon socket.
[    5.251276] systemd[1]: Started Forward Password Requests to Wall Directory Watch.
[[0;32m  OK  [0m] Started Forward Password Requests to Wall Directory Watch.
[    5.254789] systemd[1]: Listening on LVM2 poll daemon socket.
[[0;32m  OK  [0m] Listening on LVM2 poll daemon socket.
[    5.257352] systemd[1]: Listening on Syslog Socket.
[[0;32m  OK  [0m] Listening on Syslog Socket.
[    5.266859] systemd[1]: Set up automount Arbitrary Executable File Formats File System Automount Point.
[[0;32m  OK  [0m] Set up automount Arbitrary Executab...ats File System Automount Point.
[    5.278679] systemd[1]: Created slice User and Session Slice.
[[0;32m  OK  [0m] Created slice User and Session Slice.
[    5.281115] systemd[1]: Reached target Swap.
[[0;32m  OK  [0m] Reached target Swap.
[    5.283151] systemd[1]: Reached target System Time Synchronized.
[[0;32m  OK  [0m] Reached target System Time Synchronized.
[    5.290080] systemd[1]: Started Trigger resolvconf update for networkd DNS.
[[0;32m  OK  [0m] Started Trigger resolvconf update for networkd DNS.
[    5.293201] systemd[1]: Reached target User and Group Name Lookups.
[[0;32m  OK  [0m] Reached target User and Group Name Lookups.
[    5.302713] systemd[1]: Listening on /dev/initctl Compatibility Named Pipe.
[[0;32m  OK  [0m] Listening on /dev/initctl Compatibility Named Pipe.
[    5.310559] systemd[1]: Listening on Journal Socket.
[[0;32m  OK  [0m] Listening on Journal Socket.
[    5.313058] systemd[1]: Created slice System Slice.
[[0;32m  OK  [0m] Created slice System Slice.
[    5.334311] systemd[1]: Starting Nameserver information manager...
         Starting Nameserver information manager...
[    5.342947] systemd[1]: Mounting Huge Pages File System...
         Mounting Huge Pages File System...
[    5.347895] systemd[1]: Starting Load Kernel Modules...
         Starting Load Kernel Modules...
[    5.351395] systemd[1]: Starting Create list of required static device nodes for the current kernel...
         Starting Create list of required st... nodes for the current kernel...
[    5.360598] Loading iSCSI transport class v2.0-870.
[    5.365954] systemd[1]: Mounting Debug File System...
         Mounting Debug File System...
[    5.371010] iscsi: registered transport (tcp)
[    5.374139] systemd[1]: Listening on Journal Socket (/dev/log).
[[0;32m  OK  [0m] Listening on Journal Socket (/dev/log).
[    5.382897] systemd[1]: Mounting POSIX Message Queue File System...
         Mounting POSIX Message Queue File System...
[    5.386576] systemd[1]: Starting Set console keymap...
         Starting Set console keymap...
[    5.389318] systemd[1]: Listening on udev Control Socket.
[[0;32m  OK  [0m] Listening on udev Control Socket.
[    5.401922] systemd[1]: Created slice system-serial\x2dgetty.slice.
[[0;32m  OK  [0m] Created slice system-serial\x2dgetty.slice.
[    5.406068] systemd[1]: Starting Remount Root and Kernel File Systems...
         Starting Remount Root and Kernel File Systems...
[    5.412272] EXT4-fs (sda1): re-mounted. Opts: (null)
[    5.414173] systemd[1]: Listening on udev Kernel Socket.
[[0;32m  OK  [0m] Listening on udev Kernel Socket.
[    5.422277] systemd[1]: Listening on Device-mapper event daemon FIFOs.
[[0;32m  OK  [0m] Listening on Device-mapper event daemon FIFOs.
[    5.426514] systemd[1]: Starting Monitoring of LVM2 mirrors, snapshots etc. using dmeventd or progress polling...
[    5.430571] iscsi: registered transport (iser)
         Starting Monitoring of LVM2 mirrors... dmeventd or progress polling...
[    5.450630] systemd[1]: Starting Uncomplicated firewall...
         Starting Uncomplicated firewall...
[    5.458256] systemd[1]: Reached target Encrypted Volumes.
[[0;32m  OK  [0m] Reached target Encrypted Volumes.
[    5.466101] systemd[1]: Listening on Journal Audit Socket.
[[0;32m  OK  [0m] Listening on Journal Audit Socket.
[    5.475310] systemd[1]: Starting Journal Service...
         Starting Journal Service...
[    5.482310] systemd[1]: Reached target Slices.
[[0;32m  OK  [0m] Reached target Slices.
[    5.511275] systemd[1]: Mounted Huge Pages File System.
[[0;32m  OK  [0m] Mounted Huge Pages File System.
[    5.519026] systemd[1]: Mounted Debug File System.
[[0;32m  OK  [0m] Mounted Debug File System.
[    5.521423] systemd[1]: Mounted POSIX Message Queue File System.
[[0;32m  OK  [0m] Mounted POSIX Message Queue File System.
[    5.524198] systemd[1]: Started Journal Service.
[[0;32m  OK  [0m] Started Journal Service.
[[0;32m  OK  [0m] Started Load Kernel Modules.
[[0;32m  OK  [0m] Started Create list of required sta...ce nodes for the current kernel.
[[0;32m  OK  [0m] Started Set console keymap.
[[0;32m  OK  [0m] Started Remount Root and Kernel File Systems.
[[0;32m  OK  [0m] Started Uncomplicated firewall.
[[0;32m  OK  [0m] Started Nameserver information manager.
[[0;32m  OK  [0m] Started LVM2 metadata daemon.
         Starting udev Coldplug all Devices...
         Starting Load/Save Random Seed...
         Starting Create Static Device Nodes in /dev...
         Starting Apply Kernel Variables...
         Mounting FUSE Control File System...
         Starting Flush Journal to Persistent Storage...
[[0;32m  OK  [0m] Mounted FUSE Control File System.
[[0;32m  OK  [0m] Started Load/Save Random Seed.
[[0;32m  OK  [0m] Started Apply Kernel Variables.
[[0;32m  OK  [0m] Started Create Static Device Nodes in /dev.
         Starting udev Kernel Device Manager...
[[0;32m  OK  [0m] Started Flush Journal to Persistent Storage.
[[0;32m  OK  [0m] Started udev Coldplug all Devices.
[[0;32m  OK  [0m] Started udev Kernel Device Manager.
[[0;32m  OK  [0m] Started Dispatch Password Requests to Console Directory Watch.
[[0;32m  OK  [0m] Found device /dev/ttyS0.
[[0;32m  OK  [0m] Listening on Load/Save RF Kill Switch Status /dev/rfkill Watch.
[[0;32m  OK  [0m] Started Monitoring of LVM2 mirrors,...ng dmeventd or progress polling.
[[0;32m  OK  [0m] Reached target Local File Systems (Pre).
[[0;32m  OK  [0m] Reached target Local File Systems.
         Starting LSB: AppArmor initialization...
         Starting Set console font and keymap...
         Starting Tell Plymouth To Write Out Runtime Data...
         Starting Create Volatile Files and Directories...
         Starting Initial cloud-init job (pre-networking)...
[[0;32m  OK  [0m] Started Tell Plymouth To Write Out Runtime Data.
[[0;32m  OK  [0m] Started Create Volatile Files and Directories.
[[0;32m  OK  [0m] Found device 82540EM Gigabit Ethern...r (PRO/1000 MT Desktop Adapter).
         Starting Update UTMP about System Boot/Shutdown...
[[0;32m  OK  [0m] Found device 82540EM Gigabit Ethern...r (PRO/1000 MT Desktop Adapter).
[[0;32m  OK  [0m] Started Update UTMP about System Boot/Shutdown.
[[0;32m  OK  [0m] Started Set console font and keymap.
[[0;32m  OK  [0m] Created slice system-getty.slice.
[[0;32m  OK  [0m] Started LSB: AppArmor initialization.
[    7.812947] cloud-init[678]: Cloud-init v. 19.3-41-gc4735dd3-0ubuntu1~16.04.1 running 'init-local' at Fri, 17 Jan 2020 07:40:04 +0000. Up 7.43 seconds.
[[0;32m  OK  [0m] Started Initial cloud-init job (pre-networking).
[[0;32m  OK  [0m] Reached target Network (Pre).
[[0;32m  OK  [0m] Started ifup for enp0s8.
[[0;32m  OK  [0m] Started ifup for enp0s3.
         Starting Raise network interfaces...
[[0;32m  OK  [0m] Started Raise network interfaces.
         Starting Initial cloud-init job (metadata service crawler)...
[[0;32m  OK  [0m] Reached target Network.
[    8.858577] cloud-init[1080]: Cloud-init v. 19.3-41-gc4735dd3-0ubuntu1~16.04.1 running 'init' at Fri, 17 Jan 2020 07:40:05 +0000. Up 8.48 seconds.
[    8.869243] cloud-init[1080]: ci-info: ++++++++++++++++++++++++++++++++++++++Net device info+++++++++++++++++++++++++++++++++++++++
[    8.870848] cloud-init[1080]: ci-info: +--------+------+-----------------------------+---------------+--------+-------------------+
[    8.872552] cloud-init[1080]: ci-info: | Device |  Up  |           Address           |      Mask     | Scope  |     Hw-Address    |
[    8.873907] cloud-init[1080]: ci-info: +--------+------+-----------------------------+---------------+--------+-------------------+
[    8.875832] cloud-init[1080]: ci-info: | enp0s3 | True |          10.0.2.15          | 255.255.255.0 | global | 02:b6:26:2d:10:3c |
[    8.877405] cloud-init[1080]: ci-info: | enp0s3 | True |  fe80::b6:26ff:fe2d:103c/64 |       .       |  link  | 02:b6:26:2d:10:3c |
[    8.878907] cloud-init[1080]: ci-info: | enp0s8 | True |        192.168.33.43        | 255.255.255.0 | global | 08:00:27:4f:da:f6 |
[    8.880550] cloud-init[1080]: ci-info: | enp0s8 | True | fe80::a00:27ff:fe4f:daf6/64 |       .       |  link  | 08:00:27:4f:da:f6 |
[    8.881955] cloud-init[1080]: ci-info: |   lo   | True |          127.0.0.1          |   255.0.0.0   |  host  |         .         |
[    8.883648] cloud-init[1080]: ci-info: |   lo   | True |           ::1/128           |       .       |  host  |         .         |
[    8.885426] cloud-init[1080]: ci-info: +--------+------+-----------------------------+---------------+--------+-------------------+
[    8.886955] cloud-init[1080]: ci-info: ++++++++++++++++++++++++++++Route IPv4 info++++++++++++++++++++++++++++
[    8.888418] cloud-init[1080]: ci-info: +-------+--------------+----------+---------------+-----------+-------+
[    8.889610] cloud-init[1080]: ci-info: | Route | Destination  | Gateway  |    Genmask    | Interface | Flags |
[    8.891318] cloud-init[1080]: ci-info: +-------+--------------+----------+---------------+-----------+-------+
[    8.892603] cloud-init[1080]: ci-info: |   0   |   0.0.0.0    | 10.0.2.2 |    0.0.0.0    |   enp0s3  |   UG  |
[    8.900435] cloud-init[1080]: ci-info: |   1   |   10.0.2.0   | 0.0.0.0  | 255.255.255.0 |   enp0s3  |   U   |
[    8.909258] cloud-init[1080]: ci-info: |   2   | 192.168.33.0 | 0.0.0.0  | 255.255.255.0 |   enp0s8  |   U   |
[    8.911212] cloud-init[1080]: ci-info: +-------+--------------+----------+---------------+-----------+-------+
[    8.913000] cloud-init[1080]: ci-info: +++++++++++++++++++Route IPv6 info+++++++++++++++++++
[    8.914234] cloud-init[1080]: ci-info: +-------+-------------+---------+-----------+-------+
[    8.915483] cloud-init[1080]: ci-info: | Route | Destination | Gateway | Interface | Flags |
[    8.916782] cloud-init[1080]: ci-info: +-------+-------------+---------+-----------+-------+
[    8.918246] cloud-init[1080]: ci-info: |   0   |  fe80::/64  |    ::   |   enp0s8  |   U   |
[    8.919423] cloud-init[1080]: ci-info: |   1   |  fe80::/64  |    ::   |   enp0s3  |   U   |
[    8.928755] cloud-init[1080]: ci-info: |   4   |   ff00::/8  |    ::   |   enp0s8  |   U   |
[    8.930473] cloud-init[1080]: ci-info: |   5   |   ff00::/8  |    ::   |   enp0s3  |   U   |
[[0;32m  OK  [0m] Started Initial cloud-init job (metadata service crawler).
[    8.936503] [cloud-init[0;32m  OK  [0m[1080]: ] ci-info: +-------+-------------+---------+-----------+-------+Reached target System Initialization.

[[0;32m  OK  [0m] Listening on D-Bus System Message Bus Socket.
         Starting Socket activation for snappy daemon.
[[0;32m  OK  [0m] Listening on UUID daemon activation socket.
[[0;32m  OK  [0m] Started Daily Cleanup of Temporary Directories.
[[0;32m  OK  [0m] Started ACPI Events Check.
[[0;32m  OK  [0m] Reached target Paths.
[[0;32m  OK  [0m] Started Clean PHP session files every 30 mins.
[[0;32m  OK  [0m] Started Daily apt download activities.
[[0;32m  OK  [0m] Started Message of the Day.
         Starting LXD - unix socket.
[[0;32m  OK  [0m] Listening on ACPID Listen Socket.
[[0;32m  OK  [0m] Started Daily apt upgrade and clean activities.
[[0;32m  OK  [0m] Reached target Timers.
[[0;32m  OK  [0m] Reached target Network is Online.
         Starting iSCSI initiator daemon (iscsid)...
[[0;32m  OK  [0m] Reached target Cloud-config availability.
[[0;32m  OK  [0m] Listening on Socket activation for snappy daemon.
[[0;32m  OK  [0m] Listening on LXD - unix socket.
[[0;32m  OK  [0m] Reached target Sockets.
[[0;32m  OK  [0m] Reached target Basic System.
         Starting Login Service...
[[0;32m  OK  [0m] Started FUSE filesystem for LXC.
         Starting The PHP 7.0 FastCGI Process Manager...
         Starting MySQL Community Server...
         Starting LXD - container startup/shutdown...
[[0;32m  OK  [0m] Started Deferred execution scheduler.
         Starting /etc/rc.local Compatibility...
         Starting System Logging Service...
         Starting Clean php session files...
[[0;32m  OK  [0m] Started Regular background program processing daemon.
         Starting Message of the Day...
         Starting Virtualbox guest utils...
         Starting LSB: Record successful boot for GRUB...
         Starting OpenBSD Secure Shell server...
         Starting Accounts Service...
[[0;32m  OK  [0m] Started D-Bus System Message Bus.
[[0;32m  OK  [0m] Started ACPI event daemon.
         Starting LSB: MD monitoring daemon...
         Starting Snappy daemon...
[[0;32m  OK  [0m] Started System Logging Service.
[[0;32m  OK  [0m] Started iSCSI initiator daemon (iscsid).
[[0;32m  OK  [0m] Started /etc/rc.local Compatibility.
[[0;32m  OK  [0m] Started Login Service.
[[0;32m  OK  [0m] Started Unattended Upgrades Shutdown.
         Starting Authenticate and Authorize Users to Run Privileged Tasks...
         Starting Login to default iSCSI targets...
[[0;32m  OK  [0m] Started OpenBSD Secure Shell server.
[[0;32m  OK  [0m] Started LXD - container startup/shutdown.
[[0;32m  OK  [0m] Started LSB: Record successful boot for GRUB.
[[0;32m  OK  [0m] Started LSB: MD monitoring daemon.
[[0;32m  OK  [0m] Started Login to default iSCSI targets.
[[0;32m  OK  [0m] Reached target Remote File Systems (Pre).
[[0;32m  OK  [0m] Reached target Remote File Systems.
         Starting Permit User Sessions...
         Starting LSB: automatic crash report generation...
         Starting LSB: daemon to balance interrupts for SMP systems...
         Starting LSB: Set the CPU Frequency Scaling governor to "ondemand"...
         Starting LSB: Apache2 web server...
[[0;32m  OK  [0m] Started Permit User Sessions.
[[0;32m  OK  [0m] Started Authenticate and Authorize Users to Run Privileged Tasks.
[[0;32m  OK  [0m] Started Accounts Service.
         Starting Terminate Plymouth Boot Screen...
         Starting Hold until boot process finishes up...
[[0;32m  OK  [0m] Started Terminate Plymouth Boot Screen.
[[0;32m  OK  [0m] Started LSB: Set the CPU Frequency Scaling governor to "ondemand".
[[0;32m  OK  [0m] Started Hold until boot process finishes up.
         Starting Set console scheme...
[[0;32m  OK  [0m] Started Serial Getty on ttyS0.
[[0;32m  OK  [0m] Started Getty on tty1.
[[0;32m  OK  [0m] Reached target Login Prompts.
[[0;32m  OK  [0m] Started Virtualbox guest utils.
[[0;32m  OK  [0m] Started Set console scheme.
[[0;32m  OK  [0m] Started LSB: automatic crash report generation.
[[0;32m  OK  [0m] Started The PHP 7.0 FastCGI Process Manager.
[[0;32m  OK  [0m] Started LSB: daemon to balance interrupts for SMP systems.
[[0;32m  OK  [0m] Started Snappy daemon.
         Starting Wait until snapd is fully seeded...
[[0;32m  OK  [0m] Started Wait until snapd is fully seeded.
         Starting Apply the settings specified in cloud-config...
[[0;32m  OK  [0m] Started Clean php session files.
[[0;32m  OK  [0m] Created slice User Slice of vagrant.
         Starting User Manager for UID 1000...
[[0;32m  OK  [0m] Started Session 1 of user vagrant.
[[0;32m  OK  [0m] Started User Manager for UID 1000.
[[0;32m  OK  [0m] Started LSB: Apache2 web server.
[   13.934255] cloud-init[1461]: Cloud-init v. 19.3-41-gc4735dd3-0ubuntu1~16.04.1 running 'modules:config' at Fri, 17 Jan 2020 07:40:10 +0000. Up 13.72 seconds.
[[0;32m  OK  [0m] Started Message of the Day.
[[0;32m  OK  [0m] Started Apply the settings specified in cloud-config.
[[0;32m  OK  [0m] Started MySQL Community Server.
[[0;32m  OK  [0m] Reached target Multi-User System.
         Starting Execute cloud user/final scripts...
[[0;32m  OK  [0m] Reached target Graphical Interface.
         Starting Update UTMP about System Runlevel Changes...
[[0;32m  OK  [0m] Started Update UTMP about System Runlevel Changes.
[   14.753484] cloud-init[1633]: Cloud-init v. 19.3-41-gc4735dd3-0ubuntu1~16.04.1 running 'modules:final' at Fri, 17 Jan 2020 07:40:11 +0000. Up 14.60 seconds.
[   14.755704] cloud-init[1633]: Cloud-init v. 19.3-41-gc4735dd3-0ubuntu1~16.04.1 finished at Fri, 17 Jan 2020 07:40:11 +0000. Datasource DataSourceNoCloud [seed=/dev/sdb][dsmode=net].  Up 14.74 seconds
[[0;32m  OK  [0m] Started Execute cloud user/final scripts.
[[0;32m  OK  [0m] Reached target Cloud-init target.

Ubuntu 16.04.6 LTS ubuntu-xenial ttyS0

ubuntu-xenial login: 